<?xml version="1.0" encoding="UTF-8"?>
<!-- Generated by org.testng.reporters.JUnitReportReporter -->
<testsuite hostname="DESKTOP-EEKR69J" name="abc.Abc" tests="1" failures="0" timestamp="17 Apr 2020 14:46:49 GMT" time="16.199" errors="0">
  <testcase name="openApp" time="16.199" classname="abc.Abc"/>
</testsuite> <!-- abc.Abc -->
